d:\mbatc13\my documents\visual studio 2013\projects\scriptinterpreter\scriptinterpreter\debug\vc120.pdb
d:\mbatc13\my documents\visual studio 2013\projects\scriptinterpreter\scriptinterpreter\debug\vc120.idb
d:\mbatc13\my documents\visual studio 2013\projects\scriptinterpreter\scriptinterpreter\debug\languagedefinitionhelper.obj
d:\mbatc13\my documents\visual studio 2013\projects\scriptinterpreter\scriptinterpreter\debug\cdebuglog.obj
d:\mbatc13\my documents\visual studio 2013\projects\scriptinterpreter\scriptinterpreter\debug\cfiletree.obj
d:\mbatc13\my documents\visual studio 2013\projects\scriptinterpreter\scriptinterpreter\debug\cfunctionparser.obj
d:\mbatc13\my documents\visual studio 2013\projects\scriptinterpreter\scriptinterpreter\debug\cinterpreter.obj
d:\mbatc13\my documents\visual studio 2013\projects\scriptinterpreter\scriptinterpreter\debug\clexer.obj
d:\mbatc13\my documents\visual studio 2013\projects\scriptinterpreter\scriptinterpreter\debug\cparser.obj
d:\mbatc13\my documents\visual studio 2013\projects\scriptinterpreter\scriptinterpreter\debug\cscanner.obj
d:\mbatc13\my documents\visual studio 2013\projects\scriptinterpreter\scriptinterpreter\debug\cscriptfile.obj
d:\mbatc13\my documents\visual studio 2013\projects\scriptinterpreter\scriptinterpreter\debug\cscriptfunctiontree.obj
d:\mbatc13\my documents\visual studio 2013\projects\scriptinterpreter\scriptinterpreter\debug\cscriptvariable.obj
d:\mbatc13\my documents\visual studio 2013\projects\scriptinterpreter\scriptinterpreter\debug\cscriptvariablelist.obj
d:\mbatc13\my documents\visual studio 2013\projects\scriptinterpreter\scriptinterpreter\debug\cscriptvariableloader.obj
d:\mbatc13\my documents\visual studio 2013\projects\scriptinterpreter\scriptinterpreter\debug\csystem.obj
d:\mbatc13\my documents\visual studio 2013\projects\scriptinterpreter\scriptinterpreter\debug\ctoken.obj
d:\mbatc13\my documents\visual studio 2013\projects\scriptinterpreter\scriptinterpreter\debug\errorhelper.obj
d:\mbatc13\my documents\visual studio 2013\projects\scriptinterpreter\scriptinterpreter\debug\main.obj
d:\mbatc13\my documents\visual studio 2013\projects\scriptinterpreter\scriptinterpreter\debug\scripttreefunctions.obj
d:\mbatc13\my documents\visual studio 2013\projects\scriptinterpreter\scriptinterpreter\debug\string.obj
d:\mbatc13\my documents\visual studio 2013\projects\scriptinterpreter\scriptinterpreter\debug\ccharacter.obj
d:\mbatc13\my documents\visual studio 2013\projects\scriptinterpreter\scriptinterpreter\debug\operatorfunctions.obj
d:\mbatc13\my documents\visual studio 2013\projects\scriptinterpreter\debug\scriptinterpreter.ilk
d:\mbatc13\my documents\visual studio 2013\projects\scriptinterpreter\debug\scriptinterpreter.exe
d:\mbatc13\my documents\visual studio 2013\projects\scriptinterpreter\debug\scriptinterpreter.pdb
d:\mbatc13\my documents\visual studio 2013\projects\scriptinterpreter\scriptinterpreter\debug\scriptin.8f5582a6.tlog\cl.command.1.tlog
d:\mbatc13\my documents\visual studio 2013\projects\scriptinterpreter\scriptinterpreter\debug\scriptin.8f5582a6.tlog\cl.read.1.tlog
d:\mbatc13\my documents\visual studio 2013\projects\scriptinterpreter\scriptinterpreter\debug\scriptin.8f5582a6.tlog\cl.write.1.tlog
d:\mbatc13\my documents\visual studio 2013\projects\scriptinterpreter\scriptinterpreter\debug\scriptin.8f5582a6.tlog\link.command.1.tlog
d:\mbatc13\my documents\visual studio 2013\projects\scriptinterpreter\scriptinterpreter\debug\scriptin.8f5582a6.tlog\link.read.1.tlog
d:\mbatc13\my documents\visual studio 2013\projects\scriptinterpreter\scriptinterpreter\debug\scriptin.8f5582a6.tlog\link.write.1.tlog
